This file contains any messages produced by compilers while
running configure, to aid debugging if configure makes a mistake.

It was created by sbc configure 1.4, which was
generated by GNU Autoconf 2.69.  Invocation command line was

  $ ./configure --prefix=/usr --disable-static --disable-tester

## --------- ##
## Platform. ##
## --------- ##

hostname = vagrant
uname -m = x86_64
uname -r = 4.4.0-179-generic
uname -s = Linux
uname -v = #209-Ubuntu SMP Fri Apr 24 17:48:44 UTC 2020

/usr/bin/uname -p = unknown
/bin/uname -X     = unknown

/bin/arch              = unknown
/usr/bin/arch -k       = unknown
/usr/convex/getsysinfo = unknown
/usr/bin/hostinfo      = unknown
/bin/machine           = unknown
/usr/bin/oslevel       = unknown
/bin/universe          = unknown

PATH: /home/vagrant/bin
PATH: /home/vagrant/.local/bin
PATH: /usr/local/sbin
PATH: /usr/local/bin
PATH: /usr/sbin
PATH: /usr/bin
PATH: /sbin
PATH: /bin
PATH: /usr/games
PATH: /usr/local/games
PATH: /snap/bin


## ----------- ##
## Core tests. ##
## ----------- ##

configure:2199: checking for a BSD-compatible install
configure:2267: result: /usr/bin/install -c
configure:2278: checking whether build environment is sane
configure:2333: result: yes
configure:2484: checking for a thread-safe mkdir -p
configure:2523: result: /bin/mkdir -p
configure:2530: checking for gawk
configure:2546: found /usr/bin/gawk
configure:2557: result: gawk
configure:2568: checking whether make sets $(MAKE)
configure:2590: result: yes
configure:2619: checking whether make supports nested variables
configure:2636: result: yes
configure:2776: checking whether make supports nested variables
configure:2793: result: yes
configure:2806: checking whether to enable maintainer-specific portions of Makefiles
configure:2815: result: no
configure:2901: checking for gcc
configure:2917: found /usr/bin/gcc
configure:2928: result: gcc
configure:3157: checking for C compiler version
configure:3166: gcc --version >&5
gcc (Ubuntu 5.4.0-6ubuntu1~16.04.12) 5.4.0 20160609
Copyright (C) 2015 Free Software Foundation, Inc.
This is free software; see the source for copying conditions.  There is NO
warranty; not even for MERCHANTABILITY or FITNESS FOR A PARTICULAR PURPOSE.

configure:3177: $? = 0
configure:3166: gcc -v >&5
Using built-in specs.
COLLECT_GCC=gcc
COLLECT_LTO_WRAPPER=/usr/lib/gcc/x86_64-linux-gnu/5/lto-wrapper
Target: x86_64-linux-gnu
Configured with: ../src/configure -v --with-pkgversion='Ubuntu 5.4.0-6ubuntu1~16.04.12' --with-bugurl=file:///usr/share/doc/gcc-5/README.Bugs --enable-languages=c,ada,c++,java,go,d,fortran,objc,obj-c++ --prefix=/usr --program-suffix=-5 --enable-shared --enable-linker-build-id --libexecdir=/usr/lib --without-included-gettext --enable-threads=posix --libdir=/usr/lib --enable-nls --with-sysroot=/ --enable-clocale=gnu --enable-libstdcxx-debug --enable-libstdcxx-time=yes --with-default-libstdcxx-abi=new --enable-gnu-unique-object --disable-vtable-verify --enable-libmpx --enable-plugin --with-system-zlib --disable-browser-plugin --enable-java-awt=gtk --enable-gtk-cairo --with-java-home=/usr/lib/jvm/java-1.5.0-gcj-5-amd64/jre --enable-java-home --with-jvm-root-dir=/usr/lib/jvm/java-1.5.0-gcj-5-amd64 --with-jvm-jar-dir=/usr/lib/jvm-exports/java-1.5.0-gcj-5-amd64 --with-arch-directory=amd64 --with-ecj-jar=/usr/share/java/eclipse-ecj.jar --enable-objc-gc --enable-multiarch --disable-werror --with-arch-32=i686 --with-abi=m64 --with-multilib-list=m32,m64,mx32 --enable-multilib --with-tune=generic --enable-checking=release --build=x86_64-linux-gnu --host=x86_64-linux-gnu --target=x86_64-linux-gnu
Thread model: posix
gcc version 5.4.0 20160609 (Ubuntu 5.4.0-6ubuntu1~16.04.12) 
configure:3177: $? = 0
configure:3166: gcc -V >&5
gcc: error: unrecognized command line option '-V'
gcc: fatal error: no input files
compilation terminated.
configure:3177: $? = 1
configure:3166: gcc -qversion >&5
gcc: error: unrecognized command line option '-qversion'
gcc: fatal error: no input files
compilation terminated.
configure:3177: $? = 1
configure:3197: checking whether the C compiler works
configure:3219: gcc -Wall -O2 -D_FORTIFY_SOURCE=2   conftest.c  >&5
configure:3223: $? = 0
configure:3271: result: yes
configure:3274: checking for C compiler default output file name
configure:3276: result: a.out
configure:3282: checking for suffix of executables
configure:3289: gcc -o conftest -Wall -O2 -D_FORTIFY_SOURCE=2   conftest.c  >&5
configure:3293: $? = 0
configure:3315: result: 
configure:3337: checking whether we are cross compiling
configure:3345: gcc -o conftest -Wall -O2 -D_FORTIFY_SOURCE=2   conftest.c  >&5
configure:3349: $? = 0
configure:3356: ./conftest
configure:3360: $? = 0
configure:3375: result: no
configure:3380: checking for suffix of object files
configure:3402: gcc -c -Wall -O2 -D_FORTIFY_SOURCE=2  conftest.c >&5
configure:3406: $? = 0
configure:3427: result: o
configure:3431: checking whether we are using the GNU C compiler
configure:3450: gcc -c -Wall -O2 -D_FORTIFY_SOURCE=2  conftest.c >&5
configure:3450: $? = 0
configure:3459: result: yes
configure:3468: checking whether gcc accepts -g
configure:3488: gcc -c -g  conftest.c >&5
configure:3488: $? = 0
configure:3529: result: yes
configure:3546: checking for gcc option to accept ISO C89
configure:3609: gcc  -c -Wall -O2 -D_FORTIFY_SOURCE=2  conftest.c >&5
configure:3609: $? = 0
configure:3622: result: none needed
configure:3647: checking whether gcc understands -c and -o together
configure:3669: gcc -c conftest.c -o conftest2.o
configure:3672: $? = 0
configure:3669: gcc -c conftest.c -o conftest2.o
configure:3672: $? = 0
configure:3684: result: yes
configure:3712: checking for style of include used by make
configure:3740: result: GNU
configure:3766: checking dependency style of gcc
configure:3877: result: gcc3
configure:3893: checking whether gcc accepts -fPIE
configure:3908: result: yes
configure:3942: checking build system type
configure:3956: result: x86_64-unknown-linux-gnu
configure:3976: checking host system type
configure:3989: result: x86_64-unknown-linux-gnu
configure:4030: checking how to print strings
configure:4057: result: printf
configure:4078: checking for a sed that does not truncate output
configure:4142: result: /bin/sed
configure:4160: checking for grep that handles long lines and -e
configure:4218: result: /bin/grep
configure:4223: checking for egrep
configure:4285: result: /bin/grep -E
configure:4290: checking for fgrep
configure:4352: result: /bin/grep -F
configure:4387: checking for ld used by gcc
configure:4454: result: /usr/bin/ld
configure:4461: checking if the linker (/usr/bin/ld) is GNU ld
configure:4476: result: yes
configure:4488: checking for BSD- or MS-compatible name lister (nm)
configure:4537: result: /usr/bin/nm -B
configure:4667: checking the name lister (/usr/bin/nm -B) interface
configure:4674: gcc -c -Wall -O2 -D_FORTIFY_SOURCE=2  conftest.c >&5
configure:4677: /usr/bin/nm -B "conftest.o"
configure:4680: output
0000000000000000 B some_variable
configure:4687: result: BSD nm
configure:4690: checking whether ln -s works
configure:4694: result: yes
configure:4702: checking the maximum length of command line arguments
configure:4833: result: 1572864
configure:4850: checking whether the shell understands some XSI constructs
configure:4860: result: yes
configure:4864: checking whether the shell understands "+="
configure:4870: result: yes
configure:4905: checking how to convert x86_64-unknown-linux-gnu file names to x86_64-unknown-linux-gnu format
configure:4945: result: func_convert_file_noop
configure:4952: checking how to convert x86_64-unknown-linux-gnu file names to toolchain format
configure:4972: result: func_convert_file_noop
configure:4979: checking for /usr/bin/ld option to reload object files
configure:4986: result: -r
configure:5060: checking for objdump
configure:5076: found /usr/bin/objdump
configure:5087: result: objdump
configure:5119: checking how to recognize dependent libraries
configure:5317: result: pass_all
configure:5402: checking for dlltool
configure:5432: result: no
configure:5462: checking how to associate runtime and link libraries
configure:5489: result: printf %s\n
configure:5550: checking for ar
configure:5566: found /usr/bin/ar
configure:5577: result: ar
configure:5614: checking for archiver @FILE support
configure:5631: gcc -c -Wall -O2 -D_FORTIFY_SOURCE=2  conftest.c >&5
configure:5631: $? = 0
configure:5634: ar cru libconftest.a @conftest.lst >&5
ar: `u' modifier ignored since `D' is the default (see `U')
configure:5637: $? = 0
configure:5642: ar cru libconftest.a @conftest.lst >&5
ar: `u' modifier ignored since `D' is the default (see `U')
ar: conftest.o: No such file or directory
configure:5645: $? = 1
configure:5657: result: @
configure:5715: checking for strip
configure:5731: found /usr/bin/strip
configure:5742: result: strip
configure:5814: checking for ranlib
configure:5830: found /usr/bin/ranlib
configure:5841: result: ranlib
configure:5943: checking command to parse /usr/bin/nm -B output from gcc object
configure:6063: gcc -c -Wall -O2 -D_FORTIFY_SOURCE=2  conftest.c >&5
configure:6066: $? = 0
configure:6070: /usr/bin/nm -B conftest.o \| sed -n -e 's/^.*[ ]\([ABCDGIRSTW][ABCDGIRSTW]*\)[ ][ ]*\([_A-Za-z][_A-Za-z0-9]*\)$/\1 \2 \2/p' | sed '/ __gnu_lto/d' \> conftest.nm
configure:6073: $? = 0
configure:6139: gcc -o conftest -Wall -O2 -D_FORTIFY_SOURCE=2   conftest.c conftstm.o >&5
configure:6142: $? = 0
configure:6180: result: ok
configure:6217: checking for sysroot
configure:6247: result: no
configure:6324: gcc -c -Wall -O2 -D_FORTIFY_SOURCE=2  conftest.c >&5
configure:6327: $? = 0
configure:6516: checking for mt
configure:6532: found /bin/mt
configure:6543: result: mt
configure:6566: checking if mt is a manifest tool
configure:6572: mt '-?'
configure:6580: result: no
configure:7222: checking how to run the C preprocessor
configure:7253: gcc -E  conftest.c
configure:7253: $? = 0
configure:7267: gcc -E  conftest.c
conftest.c:11:28: fatal error: ac_nonexistent.h: No such file or directory
compilation terminated.
configure:7267: $? = 1
configure: failed program was:
| /* confdefs.h */
| #define PACKAGE_NAME "sbc"
| #define PACKAGE_TARNAME "sbc"
| #define PACKAGE_VERSION "1.4"
| #define PACKAGE_STRING "sbc 1.4"
| #define PACKAGE_BUGREPORT ""
| #define PACKAGE_URL ""
| #define PACKAGE "sbc"
| #define VERSION "1.4"
| /* end confdefs.h.  */
| #include <ac_nonexistent.h>
configure:7292: result: gcc -E
configure:7312: gcc -E  conftest.c
configure:7312: $? = 0
configure:7326: gcc -E  conftest.c
conftest.c:11:28: fatal error: ac_nonexistent.h: No such file or directory
compilation terminated.
configure:7326: $? = 1
configure: failed program was:
| /* confdefs.h */
| #define PACKAGE_NAME "sbc"
| #define PACKAGE_TARNAME "sbc"
| #define PACKAGE_VERSION "1.4"
| #define PACKAGE_STRING "sbc 1.4"
| #define PACKAGE_BUGREPORT ""
| #define PACKAGE_URL ""
| #define PACKAGE "sbc"
| #define VERSION "1.4"
| /* end confdefs.h.  */
| #include <ac_nonexistent.h>
configure:7355: checking for ANSI C header files
configure:7375: gcc -c -Wall -O2 -D_FORTIFY_SOURCE=2  conftest.c >&5
configure:7375: $? = 0
configure:7448: gcc -o conftest -Wall -O2 -D_FORTIFY_SOURCE=2   conftest.c  >&5
configure:7448: $? = 0
configure:7448: ./conftest
configure:7448: $? = 0
configure:7459: result: yes
configure:7472: checking for sys/types.h
configure:7472: gcc -c -Wall -O2 -D_FORTIFY_SOURCE=2  conftest.c >&5
configure:7472: $? = 0
configure:7472: result: yes
configure:7472: checking for sys/stat.h
configure:7472: gcc -c -Wall -O2 -D_FORTIFY_SOURCE=2  conftest.c >&5
configure:7472: $? = 0
configure:7472: result: yes
configure:7472: checking for stdlib.h
configure:7472: gcc -c -Wall -O2 -D_FORTIFY_SOURCE=2  conftest.c >&5
configure:7472: $? = 0
configure:7472: result: yes
configure:7472: checking for string.h
configure:7472: gcc -c -Wall -O2 -D_FORTIFY_SOURCE=2  conftest.c >&5
configure:7472: $? = 0
configure:7472: result: yes
configure:7472: checking for memory.h
configure:7472: gcc -c -Wall -O2 -D_FORTIFY_SOURCE=2  conftest.c >&5
configure:7472: $? = 0
configure:7472: result: yes
configure:7472: checking for strings.h
configure:7472: gcc -c -Wall -O2 -D_FORTIFY_SOURCE=2  conftest.c >&5
configure:7472: $? = 0
configure:7472: result: yes
configure:7472: checking for inttypes.h
configure:7472: gcc -c -Wall -O2 -D_FORTIFY_SOURCE=2  conftest.c >&5
configure:7472: $? = 0
configure:7472: result: yes
configure:7472: checking for stdint.h
configure:7472: gcc -c -Wall -O2 -D_FORTIFY_SOURCE=2  conftest.c >&5
configure:7472: $? = 0
configure:7472: result: yes
configure:7472: checking for unistd.h
configure:7472: gcc -c -Wall -O2 -D_FORTIFY_SOURCE=2  conftest.c >&5
configure:7472: $? = 0
configure:7472: result: yes
configure:7486: checking for dlfcn.h
configure:7486: gcc -c -Wall -O2 -D_FORTIFY_SOURCE=2  conftest.c >&5
configure:7486: $? = 0
configure:7486: result: yes
configure:7692: checking for objdir
configure:7707: result: .libs
configure:7974: checking if gcc supports -fno-rtti -fno-exceptions
configure:7992: gcc -c -Wall -O2 -D_FORTIFY_SOURCE=2  -fno-rtti -fno-exceptions conftest.c >&5
cc1: warning: command line option '-fno-rtti' is valid for C++/ObjC++ but not for C
configure:7996: $? = 0
configure:8009: result: no
configure:8336: checking for gcc option to produce PIC
configure:8343: result: -fPIC -DPIC
configure:8351: checking if gcc PIC flag -fPIC -DPIC works
configure:8369: gcc -c -Wall -O2 -D_FORTIFY_SOURCE=2  -fPIC -DPIC -DPIC conftest.c >&5
configure:8373: $? = 0
configure:8386: result: yes
configure:8415: checking if gcc static flag -static works
configure:8443: result: yes
configure:8458: checking if gcc supports -c -o file.o
configure:8479: gcc -c -Wall -O2 -D_FORTIFY_SOURCE=2  -o out/conftest2.o conftest.c >&5
configure:8483: $? = 0
configure:8505: result: yes
configure:8513: checking if gcc supports -c -o file.o
configure:8560: result: yes
configure:8593: checking whether the gcc linker (/usr/bin/ld -m elf_x86_64) supports shared libraries
configure:9750: result: yes
configure:9787: checking whether -lc should be explicitly linked in
configure:9795: gcc -c -Wall -O2 -D_FORTIFY_SOURCE=2  conftest.c >&5
configure:9798: $? = 0
configure:9813: gcc -shared  -fPIC -DPIC conftest.o  -v -Wl,-soname -Wl,conftest -o conftest 2\>\&1 \| /bin/grep  -lc  \>/dev/null 2\>\&1
configure:9816: $? = 0
configure:9830: result: no
configure:9990: checking dynamic linker characteristics
configure:10490: gcc -o conftest -Wall -O2 -D_FORTIFY_SOURCE=2   -Wl,-rpath -Wl,/foo conftest.c  >&5
configure:10490: $? = 0
configure:10724: result: GNU/Linux ld.so
configure:10831: checking how to hardcode library paths into programs
configure:10856: result: immediate
configure:11396: checking whether stripping libraries is possible
configure:11401: result: yes
configure:11436: checking if libtool supports shared libraries
configure:11438: result: yes
configure:11441: checking whether to build shared libraries
configure:11462: result: yes
configure:11465: checking whether to build static libraries
configure:11469: result: no
configure:11885: checking that generated files are newer than configure
configure:11891: result: done
configure:11926: creating ./config.status

## ---------------------- ##
## Running config.status. ##
## ---------------------- ##

This file was extended by sbc config.status 1.4, which was
generated by GNU Autoconf 2.69.  Invocation command line was

  CONFIG_FILES    = 
  CONFIG_HEADERS  = 
  CONFIG_LINKS    = 
  CONFIG_COMMANDS = 
  $ ./config.status 

on vagrant

config.status:1093: creating Makefile
config.status:1093: creating sbc/sbc.pc
config.status:1093: creating config.h
config.status:1322: executing depfiles commands
config.status:1322: executing libtool commands

## ---------------- ##
## Cache variables. ##
## ---------------- ##

ac_cv_build=x86_64-unknown-linux-gnu
ac_cv_c_compiler_gnu=yes
ac_cv_env_CC_set=
ac_cv_env_CC_value=
ac_cv_env_CFLAGS_set=
ac_cv_env_CFLAGS_value=
ac_cv_env_CPPFLAGS_set=
ac_cv_env_CPPFLAGS_value=
ac_cv_env_CPP_set=
ac_cv_env_CPP_value=
ac_cv_env_LDFLAGS_set=
ac_cv_env_LDFLAGS_value=
ac_cv_env_LIBS_set=
ac_cv_env_LIBS_value=
ac_cv_env_PKG_CONFIG_LIBDIR_set=
ac_cv_env_PKG_CONFIG_LIBDIR_value=
ac_cv_env_PKG_CONFIG_PATH_set=
ac_cv_env_PKG_CONFIG_PATH_value=
ac_cv_env_PKG_CONFIG_set=
ac_cv_env_PKG_CONFIG_value=
ac_cv_env_SNDFILE_CFLAGS_set=
ac_cv_env_SNDFILE_CFLAGS_value=
ac_cv_env_SNDFILE_LIBS_set=
ac_cv_env_SNDFILE_LIBS_value=
ac_cv_env_build_alias_set=
ac_cv_env_build_alias_value=
ac_cv_env_host_alias_set=
ac_cv_env_host_alias_value=
ac_cv_env_target_alias_set=
ac_cv_env_target_alias_value=
ac_cv_header_dlfcn_h=yes
ac_cv_header_inttypes_h=yes
ac_cv_header_memory_h=yes
ac_cv_header_stdc=yes
ac_cv_header_stdint_h=yes
ac_cv_header_stdlib_h=yes
ac_cv_header_string_h=yes
ac_cv_header_strings_h=yes
ac_cv_header_sys_stat_h=yes
ac_cv_header_sys_types_h=yes
ac_cv_header_unistd_h=yes
ac_cv_host=x86_64-unknown-linux-gnu
ac_cv_objext=o
ac_cv_path_EGREP='/bin/grep -E'
ac_cv_path_FGREP='/bin/grep -F'
ac_cv_path_GREP=/bin/grep
ac_cv_path_SED=/bin/sed
ac_cv_path_install='/usr/bin/install -c'
ac_cv_path_mkdir=/bin/mkdir
ac_cv_prog_AWK=gawk
ac_cv_prog_CPP='gcc -E'
ac_cv_prog_ac_ct_AR=ar
ac_cv_prog_ac_ct_CC=gcc
ac_cv_prog_ac_ct_MANIFEST_TOOL=mt
ac_cv_prog_ac_ct_OBJDUMP=objdump
ac_cv_prog_ac_ct_RANLIB=ranlib
ac_cv_prog_ac_ct_STRIP=strip
ac_cv_prog_cc_c89=
ac_cv_prog_cc_g=yes
ac_cv_prog_cc_pie=yes
ac_cv_prog_make_make_set=yes
am_cv_CC_dependencies_compiler_type=gcc3
am_cv_make_support_nested_variables=yes
am_cv_prog_cc_c_o=yes
lt_cv_ar_at_file=@
lt_cv_archive_cmds_need_lc=no
lt_cv_deplibs_check_method=pass_all
lt_cv_file_magic_cmd='$MAGIC_CMD'
lt_cv_file_magic_test_file=
lt_cv_ld_reload_flag=-r
lt_cv_nm_interface='BSD nm'
lt_cv_objdir=.libs
lt_cv_path_LD=/usr/bin/ld
lt_cv_path_NM='/usr/bin/nm -B'
lt_cv_path_mainfest_tool=no
lt_cv_prog_compiler_c_o=yes
lt_cv_prog_compiler_pic='-fPIC -DPIC'
lt_cv_prog_compiler_pic_works=yes
lt_cv_prog_compiler_rtti_exceptions=no
lt_cv_prog_compiler_static_works=yes
lt_cv_prog_gnu_ld=yes
lt_cv_sharedlib_from_linklib_cmd='printf %s\n'
lt_cv_shlibpath_overrides_runpath=no
lt_cv_sys_global_symbol_pipe='sed -n -e '\''s/^.*[	 ]\([ABCDGIRSTW][ABCDGIRSTW]*\)[	 ][	 ]*\([_A-Za-z][_A-Za-z0-9]*\)$/\1 \2 \2/p'\'' | sed '\''/ __gnu_lto/d'\'''
lt_cv_sys_global_symbol_to_c_name_address='sed -n -e '\''s/^: \([^ ]*\)[ ]*$/  {\"\1\", (void *) 0},/p'\'' -e '\''s/^[ABCDGIRSTW]* \([^ ]*\) \([^ ]*\)$/  {"\2", (void *) \&\2},/p'\'''
lt_cv_sys_global_symbol_to_c_name_address_lib_prefix='sed -n -e '\''s/^: \([^ ]*\)[ ]*$/  {\"\1\", (void *) 0},/p'\'' -e '\''s/^[ABCDGIRSTW]* \([^ ]*\) \(lib[^ ]*\)$/  {"\2", (void *) \&\2},/p'\'' -e '\''s/^[ABCDGIRSTW]* \([^ ]*\) \([^ ]*\)$/  {"lib\2", (void *) \&\2},/p'\'''
lt_cv_sys_global_symbol_to_cdecl='sed -n -e '\''s/^T .* \(.*\)$/extern int \1();/p'\'' -e '\''s/^[ABCDGIRSTW]* .* \(.*\)$/extern char \1;/p'\'''
lt_cv_sys_max_cmd_len=1572864
lt_cv_to_host_file_cmd=func_convert_file_noop
lt_cv_to_tool_file_cmd=func_convert_file_noop

## ----------------- ##
## Output variables. ##
## ----------------- ##

ACLOCAL='${SHELL} /home/vagrant/pwn/problems/sbc-1.4/missing aclocal-1.14'
AMDEPBACKSLASH='\'
AMDEP_FALSE='#'
AMDEP_TRUE=''
AMTAR='$${TAR-tar}'
AM_BACKSLASH='\'
AM_DEFAULT_V='$(AM_DEFAULT_VERBOSITY)'
AM_DEFAULT_VERBOSITY='0'
AM_V='$(V)'
AR='ar'
AUTOCONF='${SHELL} /home/vagrant/pwn/problems/sbc-1.4/missing autoconf'
AUTOHEADER='${SHELL} /home/vagrant/pwn/problems/sbc-1.4/missing autoheader'
AUTOMAKE='${SHELL} /home/vagrant/pwn/problems/sbc-1.4/missing automake-1.14'
AWK='gawk'
CC='gcc'
CCDEPMODE='depmode=gcc3'
CFLAGS='-Wall -O2 -D_FORTIFY_SOURCE=2'
CPP='gcc -E'
CPPFLAGS=''
CYGPATH_W='echo'
DEFS='-DHAVE_CONFIG_H'
DEPDIR='.deps'
DLLTOOL='false'
DSYMUTIL=''
DUMPBIN=''
ECHO_C=''
ECHO_N='-n'
ECHO_T=''
EGREP='/bin/grep -E'
EXEEXT=''
FGREP='/bin/grep -F'
GREP='/bin/grep'
INSTALL_DATA='${INSTALL} -m 644'
INSTALL_PROGRAM='${INSTALL}'
INSTALL_SCRIPT='${INSTALL}'
INSTALL_STRIP_PROGRAM='$(install_sh) -c -s'
LD='/usr/bin/ld -m elf_x86_64'
LDFLAGS=''
LIBOBJS=''
LIBS=''
LIBTOOL='$(SHELL) $(top_builddir)/libtool'
LIPO=''
LN_S='ln -s'
LTLIBOBJS=''
MAINT='#'
MAINTAINER_MODE_FALSE=''
MAINTAINER_MODE_TRUE='#'
MAKEINFO='${SHELL} /home/vagrant/pwn/problems/sbc-1.4/missing makeinfo'
MANIFEST_TOOL=':'
MKDIR_P='/bin/mkdir -p'
NM='/usr/bin/nm -B'
NMEDIT=''
OBJDUMP='objdump'
OBJEXT='o'
OTOOL64=''
OTOOL=''
PACKAGE='sbc'
PACKAGE_BUGREPORT=''
PACKAGE_NAME='sbc'
PACKAGE_STRING='sbc 1.4'
PACKAGE_TARNAME='sbc'
PACKAGE_URL=''
PACKAGE_VERSION='1.4'
PATH_SEPARATOR=':'
PKG_CONFIG=''
PKG_CONFIG_LIBDIR=''
PKG_CONFIG_PATH=''
RANLIB='ranlib'
SED='/bin/sed'
SET_MAKE=''
SHELL='/bin/bash'
SNDFILE_CFLAGS=''
SNDFILE_LIBS=''
STRIP='strip'
TESTER_FALSE=''
TESTER_TRUE='#'
TOOLS_FALSE='#'
TOOLS_TRUE=''
VERSION='1.4'
ac_ct_AR='ar'
ac_ct_CC='gcc'
ac_ct_DUMPBIN=''
am__EXEEXT_FALSE=''
am__EXEEXT_TRUE='#'
am__fastdepCC_FALSE='#'
am__fastdepCC_TRUE=''
am__include='include'
am__isrc=''
am__leading_dot='.'
am__nodep='_no'
am__quote=''
am__tar='$${TAR-tar} chof - "$$tardir"'
am__untar='$${TAR-tar} xf -'
bindir='${exec_prefix}/bin'
build='x86_64-unknown-linux-gnu'
build_alias=''
build_cpu='x86_64'
build_os='linux-gnu'
build_vendor='unknown'
datadir='${datarootdir}'
datarootdir='${prefix}/share'
docdir='${datarootdir}/doc/${PACKAGE_TARNAME}'
dvidir='${docdir}'
exec_prefix='${prefix}'
host='x86_64-unknown-linux-gnu'
host_alias=''
host_cpu='x86_64'
host_os='linux-gnu'
host_vendor='unknown'
htmldir='${docdir}'
includedir='${prefix}/include'
infodir='${datarootdir}/info'
install_sh='${SHELL} /home/vagrant/pwn/problems/sbc-1.4/install-sh'
libdir='${exec_prefix}/lib'
libexecdir='${exec_prefix}/libexec'
localedir='${datarootdir}/locale'
localstatedir='${prefix}/var'
mandir='${datarootdir}/man'
mkdir_p='$(MKDIR_P)'
oldincludedir='/usr/include'
pdfdir='${docdir}'
prefix='/usr'
program_transform_name='s,x,x,'
psdir='${docdir}'
sbindir='${exec_prefix}/sbin'
sharedstatedir='${prefix}/com'
sysconfdir='${prefix}/etc'
target_alias=''

## ----------- ##
## confdefs.h. ##
## ----------- ##

/* confdefs.h */
#define PACKAGE_NAME "sbc"
#define PACKAGE_TARNAME "sbc"
#define PACKAGE_VERSION "1.4"
#define PACKAGE_STRING "sbc 1.4"
#define PACKAGE_BUGREPORT ""
#define PACKAGE_URL ""
#define PACKAGE "sbc"
#define VERSION "1.4"
#define STDC_HEADERS 1
#define HAVE_SYS_TYPES_H 1
#define HAVE_SYS_STAT_H 1
#define HAVE_STDLIB_H 1
#define HAVE_STRING_H 1
#define HAVE_MEMORY_H 1
#define HAVE_STRINGS_H 1
#define HAVE_INTTYPES_H 1
#define HAVE_STDINT_H 1
#define HAVE_UNISTD_H 1
#define HAVE_DLFCN_H 1
#define LT_OBJDIR ".libs/"

configure: exit 0
